Size: 134217728
Piece Size: 32768
Threads: 1
Log Level none
Mode: composer
Generating data...done.
<Client: 'tcp://192.168.1.102:8786' processes=2 threads=26, memory=62.24 GiB>
Average Data Gen:     3.604546308517456
Average Compute Time: 22.81576943397522
Total time:           26.52376127243042
Size: 134217728
Piece Size: 32768
Threads: 2
Log Level none
Mode: composer
Generating data...done.
<Client: 'tcp://192.168.1.102:8786' processes=2 threads=26, memory=62.24 GiB>
Average Data Gen:     7.187300682067871
Average Compute Time: 23.379159927368164
Total time:           30.90547275543213
Size: 134217728
Piece Size: 32768
Threads: 4
Log Level none
Mode: composer
Generating data...done.
<Client: 'tcp://192.168.1.102:8786' processes=2 threads=26, memory=62.24 GiB>
Average Data Gen:     3.174769639968872
Average Compute Time: 7.325249433517456
Total time:           10.772597551345825
Size: 134217728
Piece Size: 32768
Threads: 8
Log Level none
Mode: composer
Generating data...done.
<Client: 'tcp://192.168.1.102:8786' processes=2 threads=26, memory=62.24 GiB>
Average Data Gen:     7.23719048500061
Average Compute Time: 10.08486032485962
Total time:           17.655986309051514
Size: 134217728
Piece Size: 32768
Threads: 16
Log Level none
Mode: composer
Generating data...done.
<Client: 'tcp://192.168.1.102:8786' processes=2 threads=26, memory=62.24 GiB>
Average Data Gen:     3.176506519317627
Average Compute Time: 5.670161008834839
Total time:           9.07853078842163
