Size: 134217728
Piece Size: 32768
Threads: 1
Log Level none
Mode: composer
Generating data...done.
<Client: 'tcp://192.168.1.102:8786' processes=2 threads=26, memory=62.24 GiB>
Average Data Gen:     7.1639487743377686
Average Compute Time: 43.59036087989807
Total time:           50.83270049095154
Size: 134217728
Piece Size: 32768
Threads: 2
Log Level none
Mode: composer
Generating data...done.
<Client: 'tcp://192.168.1.102:8786' processes=2 threads=26, memory=62.24 GiB>
Average Data Gen:     3.1984341144561768
Average Compute Time: 11.897228717803955
Total time:           15.299692630767822
Size: 134217728
Piece Size: 32768
Threads: 4
Log Level none
Mode: composer
Generating data...done.
<Client: 'tcp://192.168.1.102:8786' processes=2 threads=26, memory=62.24 GiB>
Average Data Gen:     7.841535806655884
Average Compute Time: 13.098413228988647
Total time:           21.272000312805176
Size: 134217728
Piece Size: 32768
Threads: 8
Log Level none
Mode: composer
Generating data...done.
<Client: 'tcp://192.168.1.102:8786' processes=2 threads=26, memory=62.24 GiB>
Average Data Gen:     3.5969717502593994
Average Compute Time: 5.312477111816406
Total time:           9.104851484298706
Size: 134217728
Piece Size: 32768
Threads: 16
Log Level none
Mode: composer
Generating data...done.
<Client: 'tcp://192.168.1.102:8786' processes=2 threads=26, memory=62.24 GiB>
Average Data Gen:     7.179467678070068
Average Compute Time: 10.00063419342041
Total time:           17.51117706298828
