Size: 67108864
Piece Size: 32768
Threads: 1
Log Level none
Mode: composer
Generating data...done.
<Client: 'tcp://192.168.1.102:8786' processes=2 threads=26, memory=62.24 GiB>
Average Data Gen:     3.5864405632019043
Average Compute Time: 21.746508598327637
Total time:           25.411173105239868
Size: 67108864
Piece Size: 32768
Threads: 2
Log Level none
Mode: composer
Generating data...done.
<Client: 'tcp://192.168.1.102:8786' processes=2 threads=26, memory=62.24 GiB>
Average Data Gen:     1.6309919357299805
Average Compute Time: 5.959298133850098
Total time:           7.815881013870239
Size: 67108864
Piece Size: 32768
Threads: 4
Log Level none
Mode: composer
Generating data...done.
<Client: 'tcp://192.168.1.102:8786' processes=2 threads=26, memory=62.24 GiB>
Average Data Gen:     3.454014539718628
Average Compute Time: 6.772590637207031
Total time:           10.433637380599976
Size: 67108864
Piece Size: 32768
Threads: 8
Log Level none
Mode: composer
Generating data...done.
<Client: 'tcp://192.168.1.102:8786' processes=2 threads=26, memory=62.24 GiB>
Average Data Gen:     1.5897119045257568
Average Compute Time: 2.7031466960906982
Total time:           4.466244220733643
Size: 67108864
Piece Size: 32768
Threads: 16
Log Level none
Mode: composer
Generating data...done.
<Client: 'tcp://192.168.1.102:8786' processes=2 threads=26, memory=62.24 GiB>
Average Data Gen:     3.5993876457214355
Average Compute Time: 5.001651048660278
Total time:           8.807475090026855
