Size: 67108864
Piece Size: 16384
Threads: 1
Log Level none
Mode: composer
<Client: 'tcp://192.168.1.102:8786' processes=2 threads=26, memory=62.24 GiB>

::: start user output :::
<Client: 'tcp://192.168.1.102:8786' processes=2 threads=26, memory=62.24 GiB>
::: end user output :::

total time: 189.70543932914734, ave_data_gen: 1.1760932132601738, ave_runtime: 1.7906373292207718, len: 2147483648, worker_num: 32
Size: 67108864
Piece Size: 16384
Threads: 2
Log Level none
Mode: composer
<Client: 'tcp://192.168.1.102:8786' processes=2 threads=26, memory=62.24 GiB>

::: start user output :::
<Client: 'tcp://192.168.1.102:8786' processes=2 threads=26, memory=62.24 GiB>
::: end user output :::

total time: 170.36913132667542, ave_data_gen: 1.1762119978666306, ave_runtime: 1.1447254866361618, len: 2147483648, worker_num: 32
Size: 67108864
Piece Size: 16384
Threads: 4
Log Level none
Mode: composer
<Client: 'tcp://192.168.1.102:8786' processes=2 threads=26, memory=62.24 GiB>

::: start user output :::
<Client: 'tcp://192.168.1.102:8786' processes=2 threads=26, memory=62.24 GiB>
::: end user output :::

total time: 152.97874474525452, ave_data_gen: 1.176826186478138, ave_runtime: 0.6072828844189644, len: 2147483648, worker_num: 32
Size: 67108864
Piece Size: 16384
Threads: 8
Log Level none
Mode: composer
<Client: 'tcp://192.168.1.102:8786' processes=2 threads=26, memory=62.24 GiB>

::: start user output :::
<Client: 'tcp://192.168.1.102:8786' processes=2 threads=26, memory=62.24 GiB>
::: end user output :::

total time: 149.68849730491638, ave_data_gen: 1.1786030977964401, ave_runtime: 0.48902256041765213, len: 2147483648, worker_num: 32
Size: 67108864
Piece Size: 16384
Threads: 16
Log Level none
Mode: composer
<Client: 'tcp://192.168.1.102:8786' processes=2 threads=26, memory=62.24 GiB>

::: start user output :::
<Client: 'tcp://192.168.1.102:8786' processes=2 threads=26, memory=62.24 GiB>
::: end user output :::

total time: 150.37841749191284, ave_data_gen: 1.1772202774882317, ave_runtime: 0.5071253478527069, len: 2147483648, worker_num: 32
