Size: 67108864
Piece Size: 16384
Threads: 1
Log Level none
Mode: composer
<Client: 'tcp://192.168.1.102:8786' processes=2 threads=26, memory=62.24 GiB>
[4839.95983063 4839.95983063 4839.95983063 ... 4839.95983063 4839.95983063
 4839.95983063]
exe_time: 22.394275426864624, t: 1.2987942695617676
Size: 67108864
Piece Size: 16384
Threads: 4
Log Level none
Mode: composer
<Client: 'tcp://192.168.1.102:8786' processes=2 threads=26, memory=62.24 GiB>
[4839.95983063 4839.95983063 4839.95983063 ... 4839.95983063 4839.95983063
 4839.95983063]
exe_time: 10.066697835922241, t: 0.9339194297790527
Size: 67108864
Piece Size: 16384
Threads: 8
Log Level none
Mode: composer
<Client: 'tcp://192.168.1.102:8786' processes=2 threads=26, memory=62.24 GiB>
[4839.95983063 4839.95983063 4839.95983063 ... 4839.95983063 4839.95983063
 4839.95983063]
exe_time: 21.48545527458191, t: 0.4078826904296875
Size: 67108864
Piece Size: 16384
Threads: 16
Log Level none
Mode: composer
<Client: 'tcp://192.168.1.102:8786' processes=2 threads=26, memory=62.24 GiB>
[4839.95983063 4839.95983063 4839.95983063 ... 4839.95983063 4839.95983063
 4839.95983063]
exe_time: 10.044299364089966, t: 0.9460208415985107
