Size: 8192
Batch Size: 16384
Threads: 1
Log Level none
Mode: composer
<Client: 'tcp://192.168.1.102:8786' processes=2 threads=26, memory=62.24 GiB>
Generating data...done
Simulation time: 9.562889814376831
step 0:          0.32393908500671387
step 0.5:        2.5272369384765625e-05
step 1:          1.5931885242462158
step 2:          0.0006327629089355469
step 3:          0.0026378631591796875
Total time:      13.832322597503662
Size: 8192
Batch Size: 16384
Threads: 2
Log Level none
Mode: composer
<Client: 'tcp://192.168.1.102:8786' processes=2 threads=26, memory=62.24 GiB>
Generating data...done
Simulation time: 6.535111904144287
step 0:          0.3220555782318115
step 0.5:        7.915496826171875e-05
step 1:          0.7383832931518555
step 2:          0.0004544258117675781
step 3:          0.12157845497131348
Total time:      8.936214208602905
Size: 8192
Batch Size: 16384
Threads: 4
Log Level none
Mode: composer
<Client: 'tcp://192.168.1.102:8786' processes=2 threads=26, memory=62.24 GiB>
Generating data...done
Simulation time: 7.012278318405151
step 0:          0.36388397216796875
step 0.5:        8.296966552734375e-05
step 1:          0.7427947521209717
step 2:          0.0005848407745361328
step 3:          0.14037680625915527
Total time:      10.846098184585571
Size: 8192
Batch Size: 16384
Threads: 8
Log Level none
Mode: composer
<Client: 'tcp://192.168.1.102:8786' processes=2 threads=26, memory=62.24 GiB>
Generating data...done
Simulation time: 4.510802984237671
step 0:          0.3430147171020508
step 0.5:        7.224082946777344e-05
step 1:          0.33450937271118164
step 2:          0.0005440711975097656
step 3:          0.13676071166992188
Total time:      6.928406238555908
Size: 8192
Batch Size: 16384
Threads: 16
Log Level none
Mode: composer
<Client: 'tcp://192.168.1.102:8786' processes=2 threads=26, memory=62.24 GiB>
Generating data...done
Simulation time: 11.179788827896118
step 0:          1.0021891593933105
step 0.5:        0.00015425682067871094
step 1:          0.718977689743042
step 2:          0.0007760524749755859
step 3:          0.35405778884887695
Total time:      15.032837390899658
