Size: 8192
Batch Size: 16384
Threads: 1
Log Level none
Mode: composer
<Client: 'tcp://192.168.1.102:8786' processes=2 threads=26, memory=62.24 GiB>
Generating data...done
Simulation time: 5.803143501281738
step 0:          5.803143501281738
step 0.5:        5.803143501281738
step 1:          5.803143501281738
step 2:          5.803143501281738
step 3:          5.803143501281738
Total time:      8.194911003112793
Size: 8192
Batch Size: 16384
Threads: 2
Log Level none
Mode: composer
<Client: 'tcp://192.168.1.102:8786' processes=2 threads=26, memory=62.24 GiB>
Generating data...done
Simulation time: 11.618201732635498
step 0:          11.618201732635498
step 0.5:        11.618201732635498
step 1:          11.618201732635498
step 2:          11.618201732635498
step 3:          11.618201732635498
Total time:      15.425647974014282
Size: 8192
Batch Size: 16384
Threads: 4
Log Level none
Mode: composer
<Client: 'tcp://192.168.1.102:8786' processes=2 threads=26, memory=62.24 GiB>
Generating data...done
Simulation time: 5.034182548522949
step 0:          5.034182548522949
step 0.5:        5.034182548522949
step 1:          5.034182548522949
step 2:          5.034182548522949
step 3:          5.034182548522949
Total time:      7.437516450881958
Size: 8192
Batch Size: 16384
Threads: 8
Log Level none
Mode: composer
<Client: 'tcp://192.168.1.102:8786' processes=2 threads=26, memory=62.24 GiB>
Generating data...done
Simulation time: 8.690243482589722
step 0:          8.690243482589722
step 0.5:        8.690243482589722
step 1:          8.690243482589722
step 2:          8.690243482589722
step 3:          8.690243482589722
Total time:      12.519006252288818
Size: 8192
Batch Size: 16384
Threads: 16
Log Level none
Mode: composer
<Client: 'tcp://192.168.1.102:8786' processes=2 threads=26, memory=62.24 GiB>
Generating data...done
Simulation time: 6.057456016540527
step 0:          6.057456016540527
step 0.5:        6.057456016540527
step 1:          6.057456016540527
step 2:          6.057456016540527
step 3:          6.057456016540527
Total time:      8.476302862167358
